2016-05-14 19:38:32,157 - INFO - did not found Anthony van der Hoorn
2016-05-14 19:38:32,158 - INFO - did not found Anthony van der Hoorn
2016-05-14 19:38:32,158 - INFO - did not found Anthony van der Hoorn
2016-05-14 19:49:22,060 - INFO - did not found porras
2016-05-14 19:56:18,289 - INFO - did not found Colin King
2016-05-14 19:56:18,289 - INFO - did not found Colin King
2016-05-14 19:56:18,289 - INFO - did not found Colin King
2016-05-14 19:56:18,289 - INFO - did not found Colin King
2016-05-14 19:56:18,290 - INFO - did not found Colin King
2016-05-14 19:56:18,290 - INFO - did not found Colin King
2016-05-14 19:56:18,290 - INFO - did not found Colin King
2016-05-14 19:56:18,290 - INFO - did not found Colin King
2016-05-14 20:03:16,263 - INFO - did not found Dawei Ma
2016-05-14 20:03:16,263 - INFO - did not found Dawei Ma
2016-05-14 20:07:15,910 - INFO - did not found Geoffrey Bachelet
2016-05-14 20:12:03,716 - INFO - did not found [anonymous]
2016-05-14 20:19:14,295 - INFO - did not found Konrad Podgč´¸rski
2016-05-14 22:50:32,903 - INFO - did not found Dan Clewley
2016-05-14 22:50:32,903 - INFO - did not found Dan Clewley
2016-05-14 22:50:32,903 - INFO - did not found Dan Clewley
2016-05-14 22:53:38,331 - INFO - did not found benbit
2016-05-14 22:53:38,331 - INFO - did not found benbit
2016-05-14 22:53:38,332 - INFO - did not found benbit
2016-05-14 22:53:38,332 - INFO - did not found benbit
2016-05-14 22:53:38,332 - INFO - did not found benbit
2016-05-14 22:53:38,333 - INFO - did not found benbit
2016-05-14 22:53:38,333 - INFO - did not found benbit
2016-05-14 22:53:38,334 - INFO - did not found benbit
2016-05-14 22:53:38,334 - INFO - did not found benbit
2016-05-14 22:53:38,335 - INFO - did not found benbit
2016-05-14 22:53:38,362 - INFO - did not found atbrace
2016-05-14 22:55:01,853 - INFO - did not found J5ive
2016-05-14 23:13:38,773 - INFO - did not found unknown
2016-05-14 23:13:38,773 - INFO - did not found unknown
2016-05-14 23:13:38,773 - INFO - did not found unknown
2016-05-14 23:13:38,773 - INFO - did not found unknown
2016-05-14 23:24:08,111 - INFO - did not found bleything
2016-05-14 23:24:08,111 - INFO - did not found bleything
2016-05-14 23:24:08,112 - INFO - did not found bleything
2016-05-14 23:24:08,112 - INFO - did not found bleything
2016-05-14 23:24:08,112 - INFO - did not found bleything
2016-05-14 23:24:08,112 - INFO - did not found bleything
2016-05-14 23:27:36,029 - INFO - did not found Marlon Lopes
2016-05-14 23:28:59,716 - INFO - did not found Karthik Ram
2016-05-14 23:30:37,801 - INFO - did not found Kevin S. Clarke
2016-05-14 23:31:16,147 - INFO - did not found kazjote
2016-05-14 23:34:29,660 - INFO - did not found Kalle A. Sandstrŕ¸Łŕ¸m
2016-05-14 23:35:37,810 - INFO - did not found Shawn M Moore
2016-05-14 23:35:37,810 - INFO - did not found Shawn M Moore
2016-05-14 23:36:47,051 - INFO - did not found toastdriven
2016-05-14 23:37:23,403 - INFO - did not found The Hexx
2016-05-14 23:56:13,981 - INFO - did not found nini_knoxville
